#
# There is insufficient memory for the Java Runtime Environment to continue.
# Native memory allocation (mmap) failed to map 56623104 bytes for Failed to commit area from 0x000000008b600000 to 0x000000008ec00000 of length 56623104.
# Possible reasons:
#   The system is out of physical RAM or swap space
#   The process is running with CompressedOops enabled, and the Java Heap may be blocking the growth of the native heap
# Possible solutions:
#   Reduce memory load on the system
#   Increase physical memory or swap space
#   Check if swap backing store is full
#   Decrease Java heap size (-Xmx/-Xms)
#   Decrease number of Java threads
#   Decrease Java thread stack sizes (-Xss)
#   Set larger code cache with -XX:ReservedCodeCacheSize=
#   JVM is running with Unscaled Compressed Oops mode in which the Java heap is
#     placed in the first 4GB address space. The Java Heap base address is the
#     maximum limit for the native heap growth. Please use -XX:HeapBaseMinAddress
#     to set the Java Heap base and to place the Java Heap above 4GB virtual address.
# This output file may be truncated or incomplete.
#
#  Out of Memory Error (c:/BuildAgent/work/5ff2f6c26000d570/src/hotspot/os/windows/os_windows.cpp:3296), pid=500, tid=10876
#
# JRE version: OpenJDK Runtime Environment (11.0.6+8) (build 11.0.6+8-b520.43)
# Java VM: OpenJDK 64-Bit Server VM (11.0.6+8-b520.43, mixed mode, sharing, tiered, compressed oops, g1 gc, windows-amd64)
# No core dump will be written. Minidumps are not enabled by default on client versions of Windows
#

---------------  S U M M A R Y ------------

Command Line: -javaagent:C:\Program Files\JetBrains\IntelliJ IDEA 2019.3.4\lib\idea_rt.jar=59996:C:\Program Files\JetBrains\IntelliJ IDEA 2019.3.4\bin -Dfile.encoding=UTF-8 TermCompress

Host: Intel(R) Core(TM) i7-7700HQ CPU @ 2.80GHz, 8 cores, 7G,  Windows 10 , 64 bit Build 18362 (10.0.18362.778)
Time: Fri Apr 24 11:21:58 2020 ?D1ú±ê×?ê±?? elapsed time: 2 seconds (0d 0h 0m 2s)

---------------  T H R E A D  ---------------

Current thread (0x00000238ec85f000):  VMThread "VM Thread" [stack: 0x000000c0aa000000,0x000000c0aa100000] [id=10876]

Stack: [0x000000c0aa000000,0x000000c0aa100000]
[error occurred during error reporting (printing stack bounds), id 0xc0000005, EXCEPTION_ACCESS_VIOLATION (0xc0000005) at pc=0x00000238d6000dad]

Native frames: (J=compiled Java code, j=interpreted, Vv=VM code, C=native code)
V  [jvm.dll+0x5de31a]
V  [jvm.dll+0x710ae5]
V  [jvm.dll+0x712005]
V  [jvm.dll+0x712615]
V  [jvm.dll+0x7125cb]
V  [jvm.dll+0x5dd798]
V  [jvm.dll+0x5ddf08]
C  [ntdll.dll+0xa11cf]
C  [ntdll.dll+0x6a209]
C  [ntdll.dll+0x9fe3e]
C  0x00000238d6000dad

VM_Operation (0x000000c0a9afeea0): G1CollectForAllocation, mode: safepoint, requested by thread 0x00000238d1f2f800


---------------  P R O C E S S  ---------------

Threads class SMR info:
_java_thread_list=0x00000238edb670a0, length=11, elements={
0x00000238d1f2f800, 0x00000238ec861000, 0x00000238ec862800, 0x00000238ec87f800,
0x00000238ec880800, 0x00000238ec883800, 0x00000238ed0f0800, 0x00000238ec8cb000,
0x00000238ed1b7000, 0x00000238ed2d6000, 0x00000238ed2d7000
}

Java Threads: ( => current thread )
  0x00000238d1f2f800 JavaThread "main" [_thread_blocked, id=7504, stack(0x000000c0a9a00000,0x000000c0a9b00000)]
  0x00000238ec861000 JavaThread "Reference Handler" daemon [_thread_blocked, id=2348, stack(0x000000c0aa100000,0x000000c0aa200000)]
  0x00000238ec862800 JavaThread "Finalizer" daemon [_thread_blocked, id=4036, stack(0x000000c0aa200000,0x000000c0aa300000)]
  0x00000238ec87f800 JavaThread "Signal Dispatcher" daemon [_thread_blocked, id=6552, stack(0x000000c0aa300000,0x000000c0aa400000)]
  0x00000238ec880800 JavaThread "Attach Listener" daemon [_thread_blocked, id=14252, stack(0x000000c0aa400000,0x000000c0aa500000)]
  0x00000238ec883800 JavaThread "C2 CompilerThread0" daemon [_thread_blocked, id=3556, stack(0x000000c0aa500000,0x000000c0aa600000)]
  0x00000238ed0f0800 JavaThread "C1 CompilerThread0" daemon [_thread_blocked, id=4008, stack(0x000000c0aa600000,0x000000c0aa700000)]
  0x00000238ec8cb000 JavaThread "Sweeper thread" daemon [_thread_blocked, id=9652, stack(0x000000c0aa700000,0x000000c0aa800000)]
  0x00000238ed1b7000 JavaThread "Common-Cleaner" daemon [_thread_blocked, id=7592, stack(0x000000c0aa800000,0x000000c0aa900000)]
  0x00000238ed2d6000 JavaThread "Monitor Ctrl-Break" daemon [_thread_in_native, id=9040, stack(0x000000c0aaa00000,0x000000c0aab00000)]
  0x00000238ed2d7000 JavaThread "Service Thread" daemon [_thread_blocked, id=15204, stack(0x000000c0aab00000,0x000000c0aac00000)]

Other Threads:
=>0x00000238ec85f000 VMThread "VM Thread" [stack: 0x000000c0aa000000,0x000000c0aa100000] [id=10876]
  0x00000238ed2a5800 WatcherThread [stack: 0x000000c0aac00000,0x000000c0aad00000] [id=10536]
  0x00000238d1f49800 GCTaskThread "GC Thread#0" [stack: 0x000000c0a9b00000,0x000000c0a9c00000] [id=9360]
  0x00000238edbec800 GCTaskThread "GC Thread#1" [stack: 0x000000c0aaf00000,0x000000c0ab000000] [id=5344]
  0x00000238edbed800 GCTaskThread "GC Thread#2" [stack: 0x000000c0ab000000,0x000000c0ab100000] [id=596]
  0x00000238d1f79800 ConcurrentGCThread "G1 Main Marker" [stack: 0x000000c0a9c00000,0x000000c0a9d00000] [id=15260]
  0x00000238d1f7a800 ConcurrentGCThread "G1 Conc#0" [stack: 0x000000c0a9d00000,0x000000c0a9e00000] [id=8876]
  0x00000238d1ffe800 ConcurrentGCThread "G1 Refine#0" [stack: 0x000000c0a9e00000,0x000000c0a9f00000] [id=12564]
  0x00000238ec6f3800 ConcurrentGCThread "G1 Young RemSet Sampling" [stack: 0x000000c0a9f00000,0x000000c0aa000000] [id=4792]

Threads with active compile tasks:

VM state:at safepoint (normal execution)

VM Mutex/Monitor currently owned by a thread:  ([mutex/lock_event])
[0x00000238d1f2b7a0] Threads_lock - owner thread: 0x00000238ec85f000
[0x00000238d1f2bc20] Heap_lock - owner thread: 0x00000238d1f2f800

Heap address: 0x0000000081c00000, size: 2020 MB, Compressed Oops mode: 32-bit
Narrow klass base: 0x0000000800000000, Narrow klass shift: 3
Compressed class space size: 1073741824 Address: 0x0000000840000000

Heap:
 garbage-first heap   total 212992K, used 6057K [0x0000000081c00000, 0x0000000100000000)
  region size 1024K, 6 young (6144K), 6 survivors (6144K)
 Metaspace       used 1458K, capacity 4729K, committed 4864K, reserved 1056768K
  class space    used 128K, capacity 445K, committed 512K, reserved 1048576K
Heap Regions: E=young(eden), S=young(survivor), O=old, HS=humongous(starts), HC=humongous(continues), CS=collection set, F=free, A=archive, TAMS=top-at-mark-start (previous, next)
|   0|0x0000000081c00000, 0x0000000081c00000, 0x0000000081d00000|  0%| F|  |TAMS 0x0000000081c00000, 0x0000000081c00000| Untracked 
|   1|0x0000000081d00000, 0x0000000081d00000, 0x0000000081e00000|  0%| F|  |TAMS 0x0000000081d00000, 0x0000000081d00000| Untracked 
|   2|0x0000000081e00000, 0x0000000081e00000, 0x0000000081f00000|  0%| F|  |TAMS 0x0000000081e00000, 0x0000000081e00000| Untracked 
|   3|0x0000000081f00000, 0x0000000081f00000, 0x0000000082000000|  0%| F|  |TAMS 0x0000000081f00000, 0x0000000081f00000| Untracked 
|   4|0x0000000082000000, 0x0000000082000000, 0x0000000082100000|  0%| F|  |TAMS 0x0000000082000000, 0x0000000082000000| Untracked 
|   5|0x0000000082100000, 0x0000000082100000, 0x0000000082200000|  0%| F|  |TAMS 0x0000000082100000, 0x0000000082100000| Untracked 
|   6|0x0000000082200000, 0x0000000082200000, 0x0000000082300000|  0%| F|  |TAMS 0x0000000082200000, 0x0000000082200000| Untracked 
|   7|0x0000000082300000, 0x0000000082300000, 0x0000000082400000|  0%| F|  |TAMS 0x0000000082300000, 0x0000000082300000| Untracked 
|   8|0x0000000082400000, 0x0000000082400000, 0x0000000082500000|  0%| F|  |TAMS 0x0000000082400000, 0x0000000082400000| Untracked 
|   9|0x0000000082500000, 0x0000000082500000, 0x0000000082600000|  0%| F|  |TAMS 0x0000000082500000, 0x0000000082500000| Untracked 
|  10|0x0000000082600000, 0x0000000082600000, 0x0000000082700000|  0%| F|  |TAMS 0x0000000082600000, 0x0000000082600000| Untracked 
|  11|0x0000000082700000, 0x0000000082700000, 0x0000000082800000|  0%| F|  |TAMS 0x0000000082700000, 0x0000000082700000| Untracked 
|  12|0x0000000082800000, 0x0000000082800000, 0x0000000082900000|  0%| F|  |TAMS 0x0000000082800000, 0x0000000082800000| Untracked 
|  13|0x0000000082900000, 0x0000000082900000, 0x0000000082a00000|  0%| F|  |TAMS 0x0000000082900000, 0x0000000082900000| Untracked 
|  14|0x0000000082a00000, 0x0000000082a00000, 0x0000000082b00000|  0%| F|  |TAMS 0x0000000082a00000, 0x0000000082a00000| Untracked 
|  15|0x0000000082b00000, 0x0000000082b00000, 0x0000000082c00000|  0%| F|  |TAMS 0x0000000082b00000, 0x0000000082b00000| Untracked 
|  16|0x0000000082c00000, 0x0000000082c00000, 0x0000000082d00000|  0%| F|  |TAMS 0x0000000082c00000, 0x0000000082c00000| Untracked 
|  17|0x0000000082d00000, 0x0000000082d00000, 0x0000000082e00000|  0%| F|  |TAMS 0x0000000082d00000, 0x0000000082d00000| Untracked 
|  18|0x0000000082e00000, 0x0000000082e00000, 0x0000000082f00000|  0%| F|  |TAMS 0x0000000082e00000, 0x0000000082e00000| Untracked 
|  19|0x0000000082f00000, 0x0000000082f00000, 0x0000000083000000|  0%| F|  |TAMS 0x0000000082f00000, 0x0000000082f00000| Untracked 
|  20|0x0000000083000000, 0x0000000083000000, 0x0000000083100000|  0%| F|  |TAMS 0x0000000083000000, 0x0000000083000000| Untracked 
|  21|0x0000000083100000, 0x0000000083100000, 0x0000000083200000|  0%| F|  |TAMS 0x0000000083100000, 0x0000000083100000| Untracked 
|  22|0x0000000083200000, 0x0000000083200000, 0x0000000083300000|  0%| F|  |TAMS 0x0000000083200000, 0x0000000083200000| Untracked 
|  23|0x0000000083300000, 0x0000000083300000, 0x0000000083400000|  0%| F|  |TAMS 0x0000000083300000, 0x0000000083300000| Untracked 
|  24|0x0000000083400000, 0x0000000083400000, 0x0000000083500000|  0%| F|  |TAMS 0x0000000083400000, 0x0000000083400000| Untracked 
|  25|0x0000000083500000, 0x0000000083500000, 0x0000000083600000|  0%| F|  |TAMS 0x0000000083500000, 0x0000000083500000| Untracked 
|  26|0x0000000083600000, 0x0000000083600000, 0x0000000083700000|  0%| F|  |TAMS 0x0000000083600000, 0x0000000083600000| Untracked 
|  27|0x0000000083700000, 0x0000000083700000, 0x0000000083800000|  0%| F|  |TAMS 0x0000000083700000, 0x0000000083700000| Untracked 
|  28|0x0000000083800000, 0x0000000083800000, 0x0000000083900000|  0%| F|  |TAMS 0x0000000083800000, 0x0000000083800000| Untracked 
|  29|0x0000000083900000, 0x0000000083900000, 0x0000000083a00000|  0%| F|  |TAMS 0x0000000083900000, 0x0000000083900000| Untracked 
|  30|0x0000000083a00000, 0x0000000083a00000, 0x0000000083b00000|  0%| F|  |TAMS 0x0000000083a00000, 0x0000000083a00000| Untracked 
|  31|0x0000000083b00000, 0x0000000083b00000, 0x0000000083c00000|  0%| F|  |TAMS 0x0000000083b00000, 0x0000000083b00000| Untracked 
|  32|0x0000000083c00000, 0x0000000083c00000, 0x0000000083d00000|  0%| F|  |TAMS 0x0000000083c00000, 0x0000000083c00000| Untracked 
|  33|0x0000000083d00000, 0x0000000083d00000, 0x0000000083e00000|  0%| F|  |TAMS 0x0000000083d00000, 0x0000000083d00000| Untracked 
|  34|0x0000000083e00000, 0x0000000083e00000, 0x0000000083f00000|  0%| F|  |TAMS 0x0000000083e00000, 0x0000000083e00000| Untracked 
|  35|0x0000000083f00000, 0x0000000083f00000, 0x0000000084000000|  0%| F|  |TAMS 0x0000000083f00000, 0x0000000083f00000| Untracked 
|  36|0x0000000084000000, 0x0000000084000000, 0x0000000084100000|  0%| F|  |TAMS 0x0000000084000000, 0x0000000084000000| Untracked 
|  37|0x0000000084100000, 0x0000000084100000, 0x0000000084200000|  0%| F|  |TAMS 0x0000000084100000, 0x0000000084100000| Untracked 
|  38|0x0000000084200000, 0x0000000084200000, 0x0000000084300000|  0%| F|  |TAMS 0x0000000084200000, 0x0000000084200000| Untracked 
|  39|0x0000000084300000, 0x0000000084300000, 0x0000000084400000|  0%| F|  |TAMS 0x0000000084300000, 0x0000000084300000| Untracked 
|  40|0x0000000084400000, 0x0000000084400000, 0x0000000084500000|  0%| F|  |TAMS 0x0000000084400000, 0x0000000084400000| Untracked 
|  41|0x0000000084500000, 0x0000000084500000, 0x0000000084600000|  0%| F|  |TAMS 0x0000000084500000, 0x0000000084500000| Untracked 
|  42|0x0000000084600000, 0x0000000084600000, 0x0000000084700000|  0%| F|  |TAMS 0x0000000084600000, 0x0000000084600000| Untracked 
|  43|0x0000000084700000, 0x0000000084700000, 0x0000000084800000|  0%| F|  |TAMS 0x0000000084700000, 0x0000000084700000| Untracked 
|  44|0x0000000084800000, 0x0000000084800000, 0x0000000084900000|  0%| F|  |TAMS 0x0000000084800000, 0x0000000084800000| Untracked 
|  45|0x0000000084900000, 0x0000000084900000, 0x0000000084a00000|  0%| F|  |TAMS 0x0000000084900000, 0x0000000084900000| Untracked 
|  46|0x0000000084a00000, 0x0000000084a00000, 0x0000000084b00000|  0%| F|  |TAMS 0x0000000084a00000, 0x0000000084a00000| Untracked 
|  47|0x0000000084b00000, 0x0000000084b00000, 0x0000000084c00000|  0%| F|  |TAMS 0x0000000084b00000, 0x0000000084b00000| Untracked 
|  48|0x0000000084c00000, 0x0000000084c00000, 0x0000000084d00000|  0%| F|  |TAMS 0x0000000084c00000, 0x0000000084c00000| Untracked 
|  49|0x0000000084d00000, 0x0000000084d00000, 0x0000000084e00000|  0%| F|  |TAMS 0x0000000084d00000, 0x0000000084d00000| Untracked 
|  50|0x0000000084e00000, 0x0000000084e00000, 0x0000000084f00000|  0%| F|  |TAMS 0x0000000084e00000, 0x0000000084e00000| Untracked 
|  51|0x0000000084f00000, 0x0000000084f00000, 0x0000000085000000|  0%| F|  |TAMS 0x0000000084f00000, 0x0000000084f00000| Untracked 
|  52|0x0000000085000000, 0x0000000085000000, 0x0000000085100000|  0%| F|  |TAMS 0x0000000085000000, 0x0000000085000000| Untracked 
|  53|0x0000000085100000, 0x0000000085100000, 0x0000000085200000|  0%| F|  |TAMS 0x0000000085100000, 0x0000000085100000| Untracked 
|  54|0x0000000085200000, 0x0000000085200000, 0x0000000085300000|  0%| F|  |TAMS 0x0000000085200000, 0x0000000085200000| Untracked 
|  55|0x0000000085300000, 0x0000000085300000, 0x0000000085400000|  0%| F|  |TAMS 0x0000000085300000, 0x0000000085300000| Untracked 
|  56|0x0000000085400000, 0x00000000854ea7e0, 0x0000000085500000| 91%| S|CS|TAMS 0x0000000085400000, 0x0000000085400000| Complete 
|  57|0x0000000085500000, 0x0000000085600000, 0x0000000085600000|100%| S|CS|TAMS 0x0000000085500000, 0x0000000085500000| Complete 
|  58|0x0000000085600000, 0x0000000085700000, 0x0000000085700000|100%| S|CS|TAMS 0x0000000085600000, 0x0000000085600000| Complete 
|  59|0x0000000085700000, 0x0000000085800000, 0x0000000085800000|100%| S|CS|TAMS 0x0000000085700000, 0x0000000085700000| Complete 
|  60|0x0000000085800000, 0x0000000085900000, 0x0000000085900000|100%| S|CS|TAMS 0x0000000085800000, 0x0000000085800000| Complete 
|  61|0x0000000085900000, 0x0000000085a00000, 0x0000000085a00000|100%| S|CS|TAMS 0x0000000085900000, 0x0000000085900000| Complete 
|  62|0x0000000085a00000, 0x0000000085a00000, 0x0000000085b00000|  0%| F|  |TAMS 0x0000000085a00000, 0x0000000085a00000| Untracked 
|  63|0x0000000085b00000, 0x0000000085b00000, 0x0000000085c00000|  0%| F|  |TAMS 0x0000000085b00000, 0x0000000085b00000| Untracked 
|  64|0x0000000085c00000, 0x0000000085c00000, 0x0000000085d00000|  0%| F|  |TAMS 0x0000000085c00000, 0x0000000085c00000| Untracked 
|  65|0x0000000085d00000, 0x0000000085d00000, 0x0000000085e00000|  0%| F|  |TAMS 0x0000000085d00000, 0x0000000085d00000| Untracked 
|  66|0x0000000085e00000, 0x0000000085e00000, 0x0000000085f00000|  0%| F|  |TAMS 0x0000000085e00000, 0x0000000085e00000| Untracked 
|  67|0x0000000085f00000, 0x0000000085f00000, 0x0000000086000000|  0%| F|  |TAMS 0x0000000085f00000, 0x0000000085f00000| Untracked 
|  68|0x0000000086000000, 0x0000000086000000, 0x0000000086100000|  0%| F|  |TAMS 0x0000000086000000, 0x0000000086000000| Untracked 
|  69|0x0000000086100000, 0x0000000086100000, 0x0000000086200000|  0%| F|  |TAMS 0x0000000086100000, 0x0000000086100000| Untracked 
|  70|0x0000000086200000, 0x0000000086200000, 0x0000000086300000|  0%| F|  |TAMS 0x0000000086200000, 0x0000000086200000| Untracked 
|  71|0x0000000086300000, 0x0000000086300000, 0x0000000086400000|  0%| F|  |TAMS 0x0000000086300000, 0x0000000086300000| Untracked 
|  72|0x0000000086400000, 0x0000000086400000, 0x0000000086500000|  0%| F|  |TAMS 0x0000000086400000, 0x0000000086400000| Untracked 
|  73|0x0000000086500000, 0x0000000086500000, 0x0000000086600000|  0%| F|  |TAMS 0x0000000086500000, 0x0000000086500000| Untracked 
|  74|0x0000000086600000, 0x0000000086600000, 0x0000000086700000|  0%| F|  |TAMS 0x0000000086600000, 0x0000000086600000| Untracked 
|  75|0x0000000086700000, 0x0000000086700000, 0x0000000086800000|  0%| F|  |TAMS 0x0000000086700000, 0x0000000086700000| Untracked 
|  76|0x0000000086800000, 0x0000000086800000, 0x0000000086900000|  0%| F|  |TAMS 0x0000000086800000, 0x0000000086800000| Untracked 
|  77|0x0000000086900000, 0x0000000086900000, 0x0000000086a00000|  0%| F|  |TAMS 0x0000000086900000, 0x0000000086900000| Untracked 
|  78|0x0000000086a00000, 0x0000000086a00000, 0x0000000086b00000|  0%| F|  |TAMS 0x0000000086a00000, 0x0000000086a00000| Untracked 
|  79|0x0000000086b00000, 0x0000000086b00000, 0x0000000086c00000|  0%| F|  |TAMS 0x0000000086b00000, 0x0000000086b00000| Untracked 
|  80|0x0000000086c00000, 0x0000000086c00000, 0x0000000086d00000|  0%| F|  |TAMS 0x0000000086c00000, 0x0000000086c00000| Untracked 
|  81|0x0000000086d00000, 0x0000000086d00000, 0x0000000086e00000|  0%| F|  |TAMS 0x0000000086d00000, 0x0000000086d00000| Untracked 
|  82|0x0000000086e00000, 0x0000000086e00000, 0x0000000086f00000|  0%| F|  |TAMS 0x0000000086e00000, 0x0000000086e00000| Untracked 
|  83|0x0000000086f00000, 0x0000000086f00000, 0x0000000087000000|  0%| F|  |TAMS 0x0000000086f00000, 0x0000000086f00000| Untracked 
|  84|0x0000000087000000, 0x0000000087000000, 0x0000000087100000|  0%| F|  |TAMS 0x0000000087000000, 0x0000000087000000| Untracked 
|  85|0x0000000087100000, 0x0000000087100000, 0x0000000087200000|  0%| F|  |TAMS 0x0000000087100000, 0x0000000087100000| Untracked 
|  86|0x0000000087200000, 0x0000000087200000, 0x0000000087300000|  0%| F|  |TAMS 0x0000000087200000, 0x0000000087200000| Untracked 
|  87|0x0000000087300000, 0x0000000087300000, 0x0000000087400000|  0%| F|  |TAMS 0x0000000087300000, 0x0000000087300000| Untracked 
|  88|0x0000000087400000, 0x0000000087400000, 0x0000000087500000|  0%| F|  |TAMS 0x0000000087400000, 0x0000000087400000| Untracked 
|  89|0x0000000087500000, 0x0000000087500000, 0x0000000087600000|  0%| F|  |TAMS 0x0000000087500000, 0x0000000087500000| Untracked 
|  90|0x0000000087600000, 0x0000000087600000, 0x0000000087700000|  0%| F|  |TAMS 0x0000000087600000, 0x0000000087600000| Untracked 
|  91|0x0000000087700000, 0x0000000087700000, 0x0000000087800000|  0%| F|  |TAMS 0x0000000087700000, 0x0000000087700000| Untracked 
|  92|0x0000000087800000, 0x0000000087800000, 0x0000000087900000|  0%| F|  |TAMS 0x0000000087800000, 0x0000000087800000| Untracked 
|  93|0x0000000087900000, 0x0000000087900000, 0x0000000087a00000|  0%| F|  |TAMS 0x0000000087900000, 0x0000000087900000| Untracked 
|  94|0x0000000087a00000, 0x0000000087a00000, 0x0000000087b00000|  0%| F|  |TAMS 0x0000000087a00000, 0x0000000087a00000| Untracked 
|  95|0x0000000087b00000, 0x0000000087b00000, 0x0000000087c00000|  0%| F|  |TAMS 0x0000000087b00000, 0x0000000087b00000| Untracked 
|  96|0x0000000087c00000, 0x0000000087c00000, 0x0000000087d00000|  0%| F|  |TAMS 0x0000000087c00000, 0x0000000087c00000| Untracked 
|  97|0x0000000087d00000, 0x0000000087d00000, 0x0000000087e00000|  0%| F|  |TAMS 0x0000000087d00000, 0x0000000087d00000| Untracked 
|  98|0x0000000087e00000, 0x0000000087e00000, 0x0000000087f00000|  0%| F|  |TAMS 0x0000000087e00000, 0x0000000087e00000| Untracked 
|  99|0x0000000087f00000, 0x0000000087f00000, 0x0000000088000000|  0%| F|  |TAMS 0x0000000087f00000, 0x0000000087f00000| Untracked 
| 100|0x0000000088000000, 0x0000000088000000, 0x0000000088100000|  0%| F|  |TAMS 0x0000000088000000, 0x0000000088000000| Untracked 
| 101|0x0000000088100000, 0x0000000088100000, 0x0000000088200000|  0%| F|  |TAMS 0x0000000088100000, 0x0000000088100000| Untracked 
| 102|0x0000000088200000, 0x0000000088200000, 0x0000000088300000|  0%| F|  |TAMS 0x0000000088200000, 0x0000000088200000| Untracked 
| 103|0x0000000088300000, 0x0000000088300000, 0x0000000088400000|  0%| F|  |TAMS 0x0000000088300000, 0x0000000088300000| Untracked 
| 104|0x0000000088400000, 0x0000000088400000, 0x0000000088500000|  0%| F|  |TAMS 0x0000000088400000, 0x0000000088400000| Untracked 
| 105|0x0000000088500000, 0x0000000088500000, 0x0000000088600000|  0%| F|  |TAMS 0x0000000088500000, 0x0000000088500000| Untracked 
| 106|0x0000000088600000, 0x0000000088600000, 0x0000000088700000|  0%| F|  |TAMS 0x0000000088600000, 0x0000000088600000| Untracked 
| 107|0x0000000088700000, 0x0000000088700000, 0x0000000088800000|  0%| F|  |TAMS 0x0000000088700000, 0x0000000088700000| Untracked 
| 108|0x0000000088800000, 0x0000000088800000, 0x0000000088900000|  0%| F|  |TAMS 0x0000000088800000, 0x0000000088800000| Untracked 
| 109|0x0000000088900000, 0x0000000088900000, 0x0000000088a00000|  0%| F|  |TAMS 0x0000000088900000, 0x0000000088900000| Untracked 
| 110|0x0000000088a00000, 0x0000000088a00000, 0x0000000088b00000|  0%| F|  |TAMS 0x0000000088a00000, 0x0000000088a00000| Untracked 
| 111|0x0000000088b00000, 0x0000000088b00000, 0x0000000088c00000|  0%| F|  |TAMS 0x0000000088b00000, 0x0000000088b00000| Untracked 
| 112|0x0000000088c00000, 0x0000000088c00000, 0x0000000088d00000|  0%| F|  |TAMS 0x0000000088c00000, 0x0000000088c00000| Untracked 
| 113|0x0000000088d00000, 0x0000000088d00000, 0x0000000088e00000|  0%| F|  |TAMS 0x0000000088d00000, 0x0000000088d00000| Untracked 
| 114|0x0000000088e00000, 0x0000000088e00000, 0x0000000088f00000|  0%| F|  |TAMS 0x0000000088e00000, 0x0000000088e00000| Untracked 
| 115|0x0000000088f00000, 0x0000000088f00000, 0x0000000089000000|  0%| F|  |TAMS 0x0000000088f00000, 0x0000000088f00000| Untracked 
| 116|0x0000000089000000, 0x0000000089000000, 0x0000000089100000|  0%| F|  |TAMS 0x0000000089000000, 0x0000000089000000| Untracked 
| 117|0x0000000089100000, 0x0000000089100000, 0x0000000089200000|  0%| F|  |TAMS 0x0000000089100000, 0x0000000089100000| Untracked 
| 118|0x0000000089200000, 0x0000000089200000, 0x0000000089300000|  0%| F|  |TAMS 0x0000000089200000, 0x0000000089200000| Untracked 
| 119|0x0000000089300000, 0x0000000089300000, 0x0000000089400000|  0%| F|  |TAMS 0x0000000089300000, 0x0000000089300000| Untracked 
| 120|0x0000000089400000, 0x0000000089400000, 0x0000000089500000|  0%| F|  |TAMS 0x0000000089400000, 0x0000000089400000| Untracked 
| 121|0x0000000089500000, 0x0000000089500000, 0x0000000089600000|  0%| F|  |TAMS 0x0000000089500000, 0x0000000089500000| Untracked 
| 122|0x0000000089600000, 0x0000000089600000, 0x0000000089700000|  0%| F|  |TAMS 0x0000000089600000, 0x0000000089600000| Untracked 
| 123|0x0000000089700000, 0x0000000089700000, 0x0000000089800000|  0%| F|  |TAMS 0x0000000089700000, 0x0000000089700000| Untracked 
| 124|0x0000000089800000, 0x0000000089800000, 0x0000000089900000|  0%| F|  |TAMS 0x0000000089800000, 0x0000000089800000| Untracked 
| 125|0x0000000089900000, 0x0000000089900000, 0x0000000089a00000|  0%| F|  |TAMS 0x0000000089900000, 0x0000000089900000| Untracked 
| 126|0x0000000089a00000, 0x0000000089a00000, 0x0000000089b00000|  0%| F|  |TAMS 0x0000000089a00000, 0x0000000089a00000| Untracked 
| 127|0x0000000089b00000, 0x0000000089b00000, 0x0000000089c00000|  0%| F|  |TAMS 0x0000000089b00000, 0x0000000089b00000| Untracked 
| 128|0x0000000089c00000, 0x0000000089c00000, 0x0000000089d00000|  0%| F|  |TAMS 0x0000000089c00000, 0x0000000089c00000| Untracked 
| 129|0x0000000089d00000, 0x0000000089d00000, 0x0000000089e00000|  0%| F|  |TAMS 0x0000000089d00000, 0x0000000089d00000| Untracked 
| 130|0x0000000089e00000, 0x0000000089e00000, 0x0000000089f00000|  0%| F|  |TAMS 0x0000000089e00000, 0x0000000089e00000| Untracked 
| 131|0x0000000089f00000, 0x0000000089f00000, 0x000000008a000000|  0%| F|  |TAMS 0x0000000089f00000, 0x0000000089f00000| Untracked 
| 132|0x000000008a000000, 0x000000008a000000, 0x000000008a100000|  0%| F|  |TAMS 0x000000008a000000, 0x000000008a000000| Untracked 
| 133|0x000000008a100000, 0x000000008a100000, 0x000000008a200000|  0%| F|  |TAMS 0x000000008a100000, 0x000000008a100000| Untracked 
| 134|0x000000008a200000, 0x000000008a200000, 0x000000008a300000|  0%| F|  |TAMS 0x000000008a200000, 0x000000008a200000| Untracked 
| 135|0x000000008a300000, 0x000000008a300000, 0x000000008a400000|  0%| F|  |TAMS 0x000000008a300000, 0x000000008a300000| Untracked 
| 136|0x000000008a400000, 0x000000008a400000, 0x000000008a500000|  0%| F|  |TAMS 0x000000008a400000, 0x000000008a400000| Untracked 
| 137|0x000000008a500000, 0x000000008a500000, 0x000000008a600000|  0%| F|  |TAMS 0x000000008a500000, 0x000000008a500000| Untracked 
| 138|0x000000008a600000, 0x000000008a600000, 0x000000008a700000|  0%| F|  |TAMS 0x000000008a600000, 0x000000008a600000| Untracked 
| 139|0x000000008a700000, 0x000000008a700000, 0x000000008a800000|  0%| F|  |TAMS 0x000000008a700000, 0x000000008a700000| Untracked 
| 140|0x000000008a800000, 0x000000008a800000, 0x000000008a900000|  0%| F|  |TAMS 0x000000008a800000, 0x000000008a800000| Untracked 
| 141|0x000000008a900000, 0x000000008a900000, 0x000000008aa00000|  0%| F|  |TAMS 0x000000008a900000, 0x000000008a900000| Untracked 
| 142|0x000000008aa00000, 0x000000008aa00000, 0x000000008ab00000|  0%| F|  |TAMS 0x000000008aa00000, 0x000000008aa00000| Untracked 
| 143|0x000000008ab00000, 0x000000008ab00000, 0x000000008ac00000|  0%| F|  |TAMS 0x000000008ab00000, 0x000000008ab00000| Untracked 
| 144|0x000000008ac00000, 0x000000008ac00000, 0x000000008ad00000|  0%| F|  |TAMS 0x000000008ac00000, 0x000000008ac00000| Untracked 
| 145|0x000000008ad00000, 0x000000008ad00000, 0x000000008ae00000|  0%| F|  |TAMS 0x000000008ad00000, 0x000000008ad00000| Untracked 
| 146|0x000000008ae00000, 0x000000008ae00000, 0x000000008af00000|  0%| F|  |TAMS 0x000000008ae00000, 0x000000008ae00000| Untracked 
| 147|0x000000008af00000, 0x000000008af00000, 0x000000008b000000|  0%| F|  |TAMS 0x000000008af00000, 0x000000008af00000| Untracked 
| 148|0x000000008b000000, 0x000000008b000000, 0x000000008b100000|  0%| F|  |TAMS 0x000000008b000000, 0x000000008b000000| Untracked 
| 149|0x000000008b100000, 0x000000008b100000, 0x000000008b200000|  0%| F|  |TAMS 0x000000008b100000, 0x000000008b100000| Untracked 
| 150|0x000000008b200000, 0x000000008b200000, 0x000000008b300000|  0%| F|  |TAMS 0x000000008b200000, 0x000000008b200000| Untracked 
| 151|0x000000008b300000, 0x000000008b300000, 0x000000008b400000|  0%| F|  |TAMS 0x000000008b300000, 0x000000008b300000| Untracked 
| 152|0x000000008b400000, 0x000000008b400000, 0x000000008b500000|  0%| F|  |TAMS 0x000000008b400000, 0x000000008b400000| Untracked 
| 153|0x000000008b500000, 0x000000008b500000, 0x000000008b600000|  0%| F|  |TAMS 0x000000008b500000, 0x000000008b500000| Untracked 

Card table byte_map: [0x00000238e5730000,0x00000238e5b30000] _byte_map_base: 0x00000238e5322000

Marking Bits (Prev, Next): (CMBitMap*) 0x00000238d1f70a08, (CMBitMap*) 0x00000238d1f70a40
 Prev Bits: [0x00000238e5f30000, 0x00000238e7ec0000)
 Next Bits: [0x00000238e7ec0000, 0x00000238e9e50000)

Polling page: 0x00000238cfec0000

Metaspace:

Usage:
  Non-class:      4.18 MB capacity,     1.30 MB ( 31%) used,     2.88 MB ( 69%) free+waste,     6.38 KB ( <1%) overhead. 
      Class:    445.00 KB capacity,   128.02 KB ( 29%) used,   313.29 KB ( 70%) free+waste,     3.69 KB ( <1%) overhead. 
       Both:      4.62 MB capacity,     1.42 MB ( 31%) used,     3.18 MB ( 69%) free+waste,    10.06 KB ( <1%) overhead. 

Virtual space:
  Non-class space:        8.00 MB reserved,       4.25 MB ( 53%) committed 
      Class space:        1.00 GB reserved,     512.00 KB ( <1%) committed 
             Both:        1.01 GB reserved,       4.75 MB ( <1%) committed 

Chunk freelists:
   Non-Class:  0 bytes
       Class:  0 bytes
        Both:  0 bytes

MaxMetaspaceSize: 17179869184.00 GB
CompressedClassSpaceSize: 1.00 GB

CodeHeap 'non-profiled nmethods': size=120000Kb used=320Kb max_used=320Kb free=119679Kb
 bounds [0x00000238ddad0000, 0x00000238ddd40000, 0x00000238e5000000]
CodeHeap 'profiled nmethods': size=120000Kb used=1090Kb max_used=1090Kb free=118909Kb
 bounds [0x00000238d65a0000, 0x00000238d6810000, 0x00000238ddad0000]
CodeHeap 'non-nmethods': size=5760Kb used=1078Kb max_used=1098Kb free=4681Kb
 bounds [0x00000238d6000000, 0x00000238d6270000, 0x00000238d65a0000]
 total_blobs=1456 nmethods=581 adapters=280
 compilation: enabled
              stopped_count=0, restarted_count=0
 full_count=0

Compilation events (20 events):
Event: 1.278 Thread 0x00000238ec883800 nmethod 559 0x00000238ddb1a210 code [0x00000238ddb1a3c0, 0x00000238ddb1a4a8]
Event: 1.287 Thread 0x00000238ed28b800 nmethod 567 0x00000238ddb1a590 code [0x00000238ddb1a7c0, 0x00000238ddb1c3e8]
Event: 1.316 Thread 0x00000238ec883800  573       4       java.nio.CharBuffer::arrayOffset (35 bytes)
Event: 1.317 Thread 0x00000238ec883800 nmethod 573 0x00000238ddb1cc10 code [0x00000238ddb1cda0, 0x00000238ddb1ce58]
Event: 1.327 Thread 0x00000238ed28b800  574       4       java.nio.Buffer::position (55 bytes)
Event: 1.328 Thread 0x00000238ed28b800 nmethod 574 0x00000238ddb1cf10 code [0x00000238ddb1d0a0, 0x00000238ddb1d178]
Event: 1.451 Thread 0x00000238ec883800  575 % !   4       TermCompress::getReviewAndBulid @ 42 (135 bytes)
Event: 1.497 Thread 0x00000238ec883800 nmethod 575% 0x00000238ddb1d290 code [0x00000238ddb1d4e0, 0x00000238ddb1e5c8]
Event: 1.561 Thread 0x00000238ec883800  576       4       java.nio.ByteBuffer::position (8 bytes)
Event: 1.562 Thread 0x00000238ec883800 nmethod 576 0x00000238ddb1f210 code [0x00000238ddb1f3a0, 0x00000238ddb1f478]
Event: 1.738 Thread 0x00000238ec883800  577       4       java.nio.ByteBuffer::array (35 bytes)
Event: 1.739 Thread 0x00000238ec883800 nmethod 577 0x00000238ddb1f590 code [0x00000238ddb1f720, 0x00000238ddb1f7d8]
Event: 1.739 Thread 0x00000238ec883800  578       4       java.nio.CharBuffer::position (6 bytes)
Event: 1.741 Thread 0x00000238ec883800 nmethod 578 0x00000238ddb1f890 code [0x00000238ddb1fa20, 0x00000238ddb1faf8]
Event: 1.816 Thread 0x00000238ed0f0800  579       3       java.io.BufferedReader::readLine (6 bytes)
Event: 1.816 Thread 0x00000238ed0f0800 nmethod 579 0x00000238d66b0790 code [0x00000238d66b0940, 0x00000238d66b0af0]
Event: 1.847 Thread 0x00000238ec883800  580       4       java.io.BufferedReader::readLine (6 bytes)
Event: 1.848 Thread 0x00000238ec883800 nmethod 580 0x00000238ddb1fc10 code [0x00000238ddb1fda0, 0x00000238ddb1fe48]
Event: 1.896 Thread 0x00000238ec883800  581       4       java.nio.ByteBuffer::arrayOffset (35 bytes)
Event: 1.896 Thread 0x00000238ec883800 nmethod 581 0x00000238ddb1ff10 code [0x00000238ddb200a0, 0x00000238ddb20158]

GC Heap History (17 events):
Event: 0.617 GC heap before
{Heap before GC invocations=0 (full 0):
 garbage-first heap   total 131072K, used 24576K [0x0000000081c00000, 0x0000000100000000)
  region size 1024K, 24 young (24576K), 0 survivors (0K)
 Metaspace       used 1132K, capacity 4704K, committed 4864K, reserved 1056768K
  class space    used 105K, capacity 438K, committed 512K, reserved 1048576K
}
Event: 0.626 GC heap after
{Heap after GC invocations=1 (full 0):
 garbage-first heap   total 131072K, used 1832K [0x0000000081c00000, 0x0000000100000000)
  region size 1024K, 2 young (2048K), 2 survivors (2048K)
 Metaspace       used 1132K, capacity 4704K, committed 4864K, reserved 1056768K
  class space    used 105K, capacity 438K, committed 512K, reserved 1048576K
}
Event: 0.926 GC heap before
{Heap before GC invocations=1 (full 0):
 garbage-first heap   total 131072K, used 77608K [0x0000000081c00000, 0x0000000100000000)
  region size 1024K, 76 young (77824K), 2 survivors (2048K)
 Metaspace       used 1157K, capacity 4704K, committed 4864K, reserved 1056768K
  class space    used 105K, capacity 438K, committed 512K, reserved 1048576K
}
Event: 0.933 GC heap after
{Heap after GC invocations=2 (full 0):
 garbage-first heap   total 131072K, used 2678K [0x0000000081c00000, 0x0000000100000000)
  region size 1024K, 3 young (3072K), 3 survivors (3072K)
 Metaspace       used 1157K, capacity 4704K, committed 4864K, reserved 1056768K
  class space    used 105K, capacity 438K, committed 512K, reserved 1048576K
}
Event: 1.141 GC heap before
{Heap before GC invocations=2 (full 0):
 garbage-first heap   total 131072K, used 77430K [0x0000000081c00000, 0x0000000100000000)
  region size 1024K, 76 young (77824K), 3 survivors (3072K)
 Metaspace       used 1454K, capacity 4729K, committed 4864K, reserved 1056768K
  class space    used 128K, capacity 445K, committed 512K, reserved 1048576K
}
Event: 1.148 GC heap after
{Heap after GC invocations=3 (full 0):
 garbage-first heap   total 131072K, used 3507K [0x0000000081c00000, 0x0000000100000000)
  region size 1024K, 4 young (4096K), 4 survivors (4096K)
 Metaspace       used 1454K, capacity 4729K, committed 4864K, reserved 1056768K
  class space    used 128K, capacity 445K, committed 512K, reserved 1048576K
}
Event: 1.346 GC heap before
{Heap before GC invocations=3 (full 0):
 garbage-first heap   total 131072K, used 77235K [0x0000000081c00000, 0x0000000100000000)
  region size 1024K, 76 young (77824K), 4 survivors (4096K)
 Metaspace       used 1458K, capacity 4729K, committed 4864K, reserved 1056768K
  class space    used 128K, capacity 445K, committed 512K, reserved 1048576K
}
Event: 1.353 GC heap after
{Heap after GC invocations=4 (full 0):
 garbage-first heap   total 131072K, used 4096K [0x0000000081c00000, 0x0000000100000000)
  region size 1024K, 4 young (4096K), 4 survivors (4096K)
 Metaspace       used 1458K, capacity 4729K, committed 4864K, reserved 1056768K
  class space    used 128K, capacity 445K, committed 512K, reserved 1048576K
}
Event: 1.468 GC heap before
{Heap before GC invocations=4 (full 0):
 garbage-first heap   total 131072K, used 77824K [0x0000000081c00000, 0x0000000100000000)
  region size 1024K, 76 young (77824K), 4 survivors (4096K)
 Metaspace       used 1458K, capacity 4729K, committed 4864K, reserved 1056768K
  class space    used 128K, capacity 445K, committed 512K, reserved 1048576K
}
Event: 1.478 GC heap after
{Heap after GC invocations=5 (full 0):
 garbage-first heap   total 157696K, used 4560K [0x0000000081c00000, 0x0000000100000000)
  region size 1024K, 5 young (5120K), 5 survivors (5120K)
 Metaspace       used 1458K, capacity 4729K, committed 4864K, reserved 1056768K
  class space    used 128K, capacity 445K, committed 512K, reserved 1048576K
}
Event: 1.651 GC heap before
{Heap before GC invocations=5 (full 0):
 garbage-first heap   total 157696K, used 93648K [0x0000000081c00000, 0x0000000100000000)
  region size 1024K, 92 young (94208K), 5 survivors (5120K)
 Metaspace       used 1458K, capacity 4729K, committed 4864K, reserved 1056768K
  class space    used 128K, capacity 445K, committed 512K, reserved 1048576K
}
Event: 1.659 GC heap after
{Heap after GC invocations=6 (full 0):
 garbage-first heap   total 157696K, used 5115K [0x0000000081c00000, 0x0000000100000000)
  region size 1024K, 5 young (5120K), 5 survivors (5120K)
 Metaspace       used 1458K, capacity 4729K, committed 4864K, reserved 1056768K
  class space    used 128K, capacity 445K, committed 512K, reserved 1048576K
}
Event: 1.800 GC heap before
{Heap before GC invocations=6 (full 0):
 garbage-first heap   total 157696K, used 94203K [0x0000000081c00000, 0x0000000100000000)
  region size 1024K, 92 young (94208K), 5 survivors (5120K)
 Metaspace       used 1458K, capacity 4729K, committed 4864K, reserved 1056768K
  class space    used 128K, capacity 445K, committed 512K, reserved 1048576K
}
Event: 1.808 GC heap after
{Heap after GC invocations=7 (full 0):
 garbage-first heap   total 157696K, used 5398K [0x0000000081c00000, 0x0000000100000000)
  region size 1024K, 6 young (6144K), 6 survivors (6144K)
 Metaspace       used 1458K, capacity 4729K, committed 4864K, reserved 1056768K
  class space    used 128K, capacity 445K, committed 512K, reserved 1048576K
}
Event: 1.977 GC heap before
{Heap before GC invocations=7 (full 0):
 garbage-first heap   total 157696K, used 93462K [0x0000000081c00000, 0x0000000100000000)
  region size 1024K, 92 young (94208K), 6 survivors (6144K)
 Metaspace       used 1458K, capacity 4729K, committed 4864K, reserved 1056768K
  class space    used 128K, capacity 445K, committed 512K, reserved 1048576K
}
Event: 1.986 GC heap after
{Heap after GC invocations=8 (full 0):
 garbage-first heap   total 157696K, used 5407K [0x0000000081c00000, 0x0000000100000000)
  region size 1024K, 6 young (6144K), 6 survivors (6144K)
 Metaspace       used 1458K, capacity 4729K, committed 4864K, reserved 1056768K
  class space    used 128K, capacity 445K, committed 512K, reserved 1048576K
}
Event: 2.170 GC heap before
{Heap before GC invocations=8 (full 0):
 garbage-first heap   total 157696K, used 93471K [0x0000000081c00000, 0x0000000100000000)
  region size 1024K, 92 young (94208K), 6 survivors (6144K)
 Metaspace       used 1458K, capacity 4729K, committed 4864K, reserved 1056768K
  class space    used 128K, capacity 445K, committed 512K, reserved 1048576K
}

Deoptimization events (20 events):
Event: 1.168 Thread 0x00000238d1f2f800 DEOPT PACKING pc=0x00000238ddaf4eb0 sp=0x000000c0a9aff220
Event: 1.168 Thread 0x00000238d1f2f800 DEOPT UNPACKING pc=0x00000238d602922f sp=0x000000c0a9aff148 mode 2
Event: 1.168 Thread 0x00000238d1f2f800 Uncommon trap: trap_request=0xffffff4d fr.pc=0x00000238ddaf13f8 relative=0x00000000000005b8
Event: 1.168 Thread 0x00000238d1f2f800 Uncommon trap: reason=unstable_if action=reinterpret pc=0x00000238ddaf13f8 method=java.util.HashMap.getNode(ILjava/lang/Object;)Ljava/util/HashMap$Node; @ 129 c2
Event: 1.168 Thread 0x00000238d1f2f800 DEOPT PACKING pc=0x00000238ddaf13f8 sp=0x000000c0a9aff1e0
Event: 1.168 Thread 0x00000238d1f2f800 DEOPT UNPACKING pc=0x00000238d602922f sp=0x000000c0a9aff168 mode 2
Event: 1.168 Thread 0x00000238d1f2f800 Uncommon trap: trap_request=0xffffff4d fr.pc=0x00000238ddaf2478 relative=0x0000000000000818
Event: 1.168 Thread 0x00000238d1f2f800 Uncommon trap: reason=unstable_if action=reinterpret pc=0x00000238ddaf2478 method=java.util.HashMap.getNode(ILjava/lang/Object;)Ljava/util/HashMap$Node; @ 129 c2
Event: 1.168 Thread 0x00000238d1f2f800 DEOPT PACKING pc=0x00000238ddaf2478 sp=0x000000c0a9aff270
Event: 1.168 Thread 0x00000238d1f2f800 DEOPT UNPACKING pc=0x00000238d602922f sp=0x000000c0a9aff170 mode 2
Event: 1.168 Thread 0x00000238d1f2f800 Uncommon trap: trap_request=0xffffff4d fr.pc=0x00000238ddaf768c relative=0x00000000000010ec
Event: 1.168 Thread 0x00000238d1f2f800 Uncommon trap: reason=unstable_if action=reinterpret pc=0x00000238ddaf768c method=java.util.HashMap.putVal(ILjava/lang/Object;Ljava/lang/Object;ZZ)Ljava/lang/Object; @ 206 c2
Event: 1.168 Thread 0x00000238d1f2f800 DEOPT PACKING pc=0x00000238ddaf768c sp=0x000000c0a9aff170
Event: 1.168 Thread 0x00000238d1f2f800 DEOPT UNPACKING pc=0x00000238d602922f sp=0x000000c0a9aff138 mode 2
Event: 1.521 Thread 0x00000238d1f2f800 DEOPT PACKING pc=0x00000238d66a8b8d sp=0x000000c0a9aff230
Event: 1.521 Thread 0x00000238d1f2f800 DEOPT UNPACKING pc=0x00000238d602904e sp=0x000000c0a9afe7f8 mode 0
Event: 1.813 Thread 0x00000238d1f2f800 Uncommon trap: trap_request=0xffffff4d fr.pc=0x00000238ddb0ce98 relative=0x0000000000001a18
Event: 1.813 Thread 0x00000238d1f2f800 Uncommon trap: reason=unstable_if action=reinterpret pc=0x00000238ddb0ce98 method=java.io.BufferedReader.readLine(Z)Ljava/lang/String; @ 265 c2
Event: 1.813 Thread 0x00000238d1f2f800 DEOPT PACKING pc=0x00000238ddb0ce98 sp=0x000000c0a9aff280
Event: 1.813 Thread 0x00000238d1f2f800 DEOPT UNPACKING pc=0x00000238d602922f sp=0x000000c0a9aff1e8 mode 2

Classes redefined (0 events):
No events

Internal exceptions (5 events):
Event: 0.309 Thread 0x00000238d1f2f800 Exception <a 'java/lang/NoSuchMethodError'{0x000000008988af28}: 'java.lang.Object java.lang.invoke.DirectMethodHandle$Holder.invokeStatic(java.lang.Object, java.lang.Object, java.lang.Object, java.lang.Object, java.lang.Object, java.lang.Object, java.lang
Event: 0.317 Thread 0x00000238d1f2f800 Exception <a 'java/lang/NoSuchMethodError'{0x00000000898aa530}: 'java.lang.Object java.lang.invoke.DirectMethodHandle$Holder.invokeStatic(java.lang.Object, java.lang.Object, java.lang.Object, java.lang.Object, java.lang.Object, java.lang.Object, java.lang
Event: 0.323 Thread 0x00000238d1f2f800 Exception <a 'java/lang/NoSuchMethodError'{0x00000000898c98c0}: 'java.lang.Object java.lang.invoke.DirectMethodHandle$Holder.invokeStatic(java.lang.Object, java.lang.Object, java.lang.Object, java.lang.Object, java.lang.Object, java.lang.Object, java.lang
Event: 0.329 Thread 0x00000238d1f2f800 Exception <a 'java/lang/NoSuchMethodError'{0x00000000898ea0b0}: 'java.lang.Object java.lang.invoke.DirectMethodHandle$Holder.invokeStatic(java.lang.Object, java.lang.Object, java.lang.Object, java.lang.Object, java.lang.Object, java.lang.Object, java.lang
Event: 0.352 Thread 0x00000238d1f2f800 Exception <a 'java/lang/NoSuchMethodError'{0x0000000089739930}: 'java.lang.Object java.lang.invoke.Invokers$Holder.linkToTargetMethod(java.lang.Object, int, java.lang.Object)'> (0x0000000089739930) thrown at [c:/BuildAgent/work/5ff2f6c26000d570/src/hotspo

Events (20 events):
Event: 1.056 loading class sun/util/resources/cldr/TimeZoneNames_en done
Event: 1.056 loading class sun/util/resources/cldr/TimeZoneNames_en_US
Event: 1.056 loading class sun/util/resources/cldr/TimeZoneNames_en_US done
Event: 1.060 loading class java/util/LinkedHashMap$LinkedKeySet
Event: 1.061 loading class java/util/LinkedHashMap$LinkedKeySet done
Event: 1.141 Executing VM operation: G1CollectForAllocation
Event: 1.148 Executing VM operation: G1CollectForAllocation done
Event: 1.179 Thread 0x00000238ed28b800 Thread added: 0x00000238ed28b800
Event: 1.346 Executing VM operation: G1CollectForAllocation
Event: 1.353 Executing VM operation: G1CollectForAllocation done
Event: 1.451 Thread 0x00000238ed28b800 Thread exited: 0x00000238ed28b800
Event: 1.468 Executing VM operation: G1CollectForAllocation
Event: 1.478 Executing VM operation: G1CollectForAllocation done
Event: 1.651 Executing VM operation: G1CollectForAllocation
Event: 1.659 Executing VM operation: G1CollectForAllocation done
Event: 1.800 Executing VM operation: G1CollectForAllocation
Event: 1.808 Executing VM operation: G1CollectForAllocation done
Event: 1.977 Executing VM operation: G1CollectForAllocation
Event: 1.986 Executing VM operation: G1CollectForAllocation done
Event: 2.170 Executing VM operation: G1CollectForAllocation


Dynamic libraries:
0x00007ff6be270000 - 0x00007ff6be27a000 	C:\Program Files\JetBrains\IntelliJ IDEA 2019.3.4\jbr\bin\java.exe
0x00007ffb7a920000 - 0x00007ffb7ab10000 	C:\Windows\SYSTEM32\ntdll.dll
0x00007ffb7a130000 - 0x00007ffb7a1e2000 	C:\Windows\System32\KERNEL32.DLL
0x00007ffb78570000 - 0x00007ffb78813000 	C:\Windows\System32\KERNELBASE.dll
0x00007ffb77cf0000 - 0x00007ffb77dea000 	C:\Windows\System32\ucrtbase.dll
0x00007ffb6aee0000 - 0x00007ffb6aef7000 	C:\Program Files\JetBrains\IntelliJ IDEA 2019.3.4\jbr\bin\VCRUNTIME140.dll
0x00007ffb6b060000 - 0x00007ffb6b079000 	C:\Program Files\JetBrains\IntelliJ IDEA 2019.3.4\jbr\bin\jli.dll
0x00007ffb79050000 - 0x00007ffb791e4000 	C:\Windows\System32\USER32.dll
0x00007ffb6a140000 - 0x00007ffb6a3c5000 	C:\Windows\WinSxS\amd64_microsoft.windows.common-controls_6595b64144ccf1df_6.0.18362.778_none_e6c6b761130d4fb8\COMCTL32.dll
0x00007ffb77b40000 - 0x00007ffb77b61000 	C:\Windows\System32\win32u.dll
0x00007ffb792a0000 - 0x00007ffb7933e000 	C:\Windows\System32\msvcrt.dll
0x00007ffb791f0000 - 0x00007ffb79216000 	C:\Windows\System32\GDI32.dll
0x00007ffb79b50000 - 0x00007ffb79e86000 	C:\Windows\System32\combase.dll
0x00007ffb77950000 - 0x00007ffb77ae4000 	C:\Windows\System32\gdi32full.dll
0x00007ffb79900000 - 0x00007ffb79a20000 	C:\Windows\System32\RPCRT4.dll
0x00007ffb77ba0000 - 0x00007ffb77c3e000 	C:\Windows\System32\msvcp_win.dll
0x00007ffb778d0000 - 0x00007ffb77950000 	C:\Windows\System32\bcryptPrimitives.dll
0x00007ffb78a30000 - 0x00007ffb78a5e000 	C:\Windows\System32\IMM32.DLL
0x00007ffb606c0000 - 0x00007ffb6075d000 	C:\Program Files\JetBrains\IntelliJ IDEA 2019.3.4\jbr\bin\msvcp140.dll
0x00007ffb31610000 - 0x00007ffb320cd000 	C:\Program Files\JetBrains\IntelliJ IDEA 2019.3.4\jbr\bin\server\jvm.dll
0x00007ffb78ad0000 - 0x00007ffb78b73000 	C:\Windows\System32\ADVAPI32.dll
0x00007ffb793f0000 - 0x00007ffb79487000 	C:\Windows\System32\sechost.dll
0x00007ffb79b40000 - 0x00007ffb79b48000 	C:\Windows\System32\PSAPI.DLL
0x00007ffb74ae0000 - 0x00007ffb74ae9000 	C:\Windows\SYSTEM32\WSOCK32.dll
0x00007ffb74fb0000 - 0x00007ffb74fd4000 	C:\Windows\SYSTEM32\WINMM.dll
0x00007ffb72310000 - 0x00007ffb7231a000 	C:\Windows\SYSTEM32\VERSION.dll
0x00007ffb79490000 - 0x00007ffb794ff000 	C:\Windows\System32\WS2_32.dll
0x00007ffb74f80000 - 0x00007ffb74fad000 	C:\Windows\SYSTEM32\WINMMBASE.dll
0x00007ffb77af0000 - 0x00007ffb77b3a000 	C:\Windows\System32\cfgmgr32.dll
0x00007ffb777f0000 - 0x00007ffb77801000 	C:\Windows\System32\kernel.appcore.dll
0x00007ffb72b20000 - 0x00007ffb72b31000 	C:\Program Files\JetBrains\IntelliJ IDEA 2019.3.4\jbr\bin\verify.dll
0x00007ffb66990000 - 0x00007ffb66b84000 	C:\Windows\SYSTEM32\DBGHELP.DLL
0x00007ffb667d0000 - 0x00007ffb667fa000 	C:\Windows\SYSTEM32\dbgcore.DLL
0x00007ffb6f490000 - 0x00007ffb6f4b9000 	C:\Program Files\JetBrains\IntelliJ IDEA 2019.3.4\jbr\bin\java.dll
0x00007ffb75930000 - 0x00007ffb7593f000 	C:\Program Files\JetBrains\IntelliJ IDEA 2019.3.4\jbr\bin\instrument.dll
0x00007ffb6cbd0000 - 0x00007ffb6cbe8000 	C:\Program Files\JetBrains\IntelliJ IDEA 2019.3.4\jbr\bin\zip.dll
0x00007ffb71070000 - 0x00007ffb7107b000 	C:\Program Files\JetBrains\IntelliJ IDEA 2019.3.4\jbr\bin\jimage.dll
0x00007ffb7a1f0000 - 0x00007ffb7a8d5000 	C:\Windows\System32\SHELL32.dll
0x00007ffb79500000 - 0x00007ffb795a9000 	C:\Windows\System32\shcore.dll
0x00007ffb77df0000 - 0x00007ffb78570000 	C:\Windows\System32\windows.storage.dll
0x00007ffb77880000 - 0x00007ffb778a3000 	C:\Windows\System32\profapi.dll
0x00007ffb77810000 - 0x00007ffb7785a000 	C:\Windows\System32\powrprof.dll
0x00007ffb777e0000 - 0x00007ffb777f0000 	C:\Windows\System32\UMPDC.dll
0x00007ffb78ff0000 - 0x00007ffb79042000 	C:\Windows\System32\shlwapi.dll
0x00007ffb778b0000 - 0x00007ffb778c7000 	C:\Windows\System32\cryptsp.dll
0x00007ffb6cb60000 - 0x00007ffb6cb7a000 	C:\Program Files\JetBrains\IntelliJ IDEA 2019.3.4\jbr\bin\net.dll
0x00007ffb72220000 - 0x00007ffb72310000 	C:\Windows\SYSTEM32\WINHTTP.dll
0x00007ffb6a7b0000 - 0x00007ffb6a8a8000 	C:\Windows\Netease\UU\uu_lsp64.dll
0x00007ffb78820000 - 0x00007ffb78969000 	C:\Windows\System32\CRYPT32.dll
0x00007ffb77860000 - 0x00007ffb77872000 	C:\Windows\System32\MSASN1.dll
0x00007ffb76d60000 - 0x00007ffb76d9a000 	C:\Windows\SYSTEM32\IPHLPAPI.DLL
0x00007ffb77050000 - 0x00007ffb770b7000 	C:\Windows\system32\mswsock.dll
0x00007ffb78970000 - 0x00007ffb789cc000 	C:\Windows\System32\WINTRUST.DLL
0x00007ffb79b20000 - 0x00007ffb79b3d000 	C:\Windows\System32\imagehlp.dll
0x00007ffb76bc0000 - 0x00007ffb76bf3000 	C:\Windows\system32\rsaenh.dll
0x00007ffb77b70000 - 0x00007ffb77b96000 	C:\Windows\System32\bcrypt.dll
0x00007ffb77220000 - 0x00007ffb7722c000 	C:\Windows\SYSTEM32\CRYPTBASE.dll
0x00007ffb6a740000 - 0x00007ffb6a74a000 	C:\Windows\system32\wshqos.dll
0x00007ffb6a730000 - 0x00007ffb6a738000 	C:\Windows\SYSTEM32\wshtcpip.DLL
0x00007ffb6a720000 - 0x00007ffb6a728000 	C:\Windows\SYSTEM32\wship6.dll
0x00007ffb6b380000 - 0x00007ffb6b394000 	C:\Program Files\JetBrains\IntelliJ IDEA 2019.3.4\jbr\bin\nio.dll
0x00007ffb72c90000 - 0x00007ffb72caa000 	C:\Program Files\JetBrains\IntelliJ IDEA 2019.3.4\bin\breakgen64.dll

dbghelp: loaded successfully - version: 4.0.5 - missing functions: none
symbol engine: initialized successfully - sym options: 0x614 - pdb path: .;C:\Program Files\JetBrains\IntelliJ IDEA 2019.3.4\jbr\bin;C:\Windows\SYSTEM32;C:\Windows\WinSxS\amd64_microsoft.windows.common-controls_6595b64144ccf1df_6.0.18362.778_none_e6c6b761130d4fb8;C:\Program Files\JetBrains\IntelliJ IDEA 2019.3.4\jbr\bin\server;C:\Windows\Netease\UU;C:\Program Files\JetBrains\IntelliJ IDEA 2019.3.4\bin

VM Arguments:
jvm_args: -javaagent:C:\Program Files\JetBrains\IntelliJ IDEA 2019.3.4\lib\idea_rt.jar=59996:C:\Program Files\JetBrains\IntelliJ IDEA 2019.3.4\bin -Dfile.encoding=UTF-8 
java_command: TermCompress
java_class_path (initial): C:\Users\49141\Desktop\IR\Information-Retrieval\索引构建与压缩\out\production\索引构建与压缩
Launcher Type: SUN_STANDARD

[Global flags]
     intx CICompilerCount                          = 4                                         {product} {ergonomic}
     uint ConcGCThreads                            = 2                                         {product} {ergonomic}
     uint G1ConcRefinementThreads                  = 8                                         {product} {ergonomic}
   size_t G1HeapRegionSize                         = 1048576                                   {product} {ergonomic}
    uintx GCDrainStackTargetSize                   = 64                                        {product} {ergonomic}
   size_t InitialHeapSize                          = 134217728                                 {product} {ergonomic}
   size_t MarkStackSize                            = 4194304                                   {product} {ergonomic}
   size_t MaxHeapSize                              = 2118123520                                {product} {ergonomic}
   size_t MaxNewSize                               = 1270874112                                {product} {ergonomic}
   size_t MinHeapDeltaBytes                        = 1048576                                   {product} {ergonomic}
    uintx NonNMethodCodeHeapSize                   = 5836300                                {pd product} {ergonomic}
    uintx NonProfiledCodeHeapSize                  = 122910970                              {pd product} {ergonomic}
    uintx ProfiledCodeHeapSize                     = 122910970                              {pd product} {ergonomic}
    uintx ReservedCodeCacheSize                    = 251658240                              {pd product} {ergonomic}
     bool SegmentedCodeCache                       = true                                      {product} {ergonomic}
     bool UseCompressedClassPointers               = true                                 {lp64_product} {ergonomic}
     bool UseCompressedOops                        = true                                 {lp64_product} {ergonomic}
     bool UseG1GC                                  = true                                      {product} {ergonomic}
     bool UseLargePagesIndividualAllocation        = false                                  {pd product} {ergonomic}

Logging:
Log output configuration:
 #0: stdout all=warning uptime,level,tags
 #1: stderr all=off uptime,level,tags

Environment Variables:
JAVA_HOME=C:\Program Files\Java\jdk-14
CLASSPATH=.;C:\Program Files\Java\jdk-14\lib\dt.jar;C:\Program Files\Java\jdk-14\lib\tools.jar;
PATH=C:\Program Files (x86)\Intel\Intel(R) Management Engine Components\iCLS\;C:\Program Files\Intel\Intel(R) Management Engine Components\iCLS\;C:\Windows\system32;C:\Windows;C:\Windows\System32\Wbem;C:\Windows\System32\WindowsPowerShell\v1.0\;C:\Windows\System32\OpenSSH\;C:\Program Files (x86)\Intel\Intel(R) Management Engine Components\DAL;C:\Program Files\Intel\Intel(R) Management Engine Components\DAL;C:\Program Files (x86)\Intel\Intel(R) Management Engine Components\IPT;C:\Program Files\Intel\Intel(R) Management Engine Components\IPT;C:\Program Files\Git\cmd;C:\Program Files\NVIDIA Corporation\NVIDIA NvDLISR;C:\Program Files (x86)\NVIDIA Corporation\PhysX\Common;C:\Users\49141\AppData\Local\Microsoft\WindowsApps;;C:\Users\49141\AppData\Local\Programs\Microsoft VS Code\bin;D:\CLion 2019.3.5\bin;C:\Program Files\Java\jdk-14\bin;C:\Program Files\Java\jdk-14\jre\bin;
USERNAME=49141
OS=Windows_NT
PROCESSOR_IDENTIFIER=Intel64 Family 6 Model 158 Stepping 9, GenuineIntel



---------------  S Y S T E M  ---------------

OS: Windows 10 , 64 bit Build 18362 (10.0.18362.778)

CPU:total 8 (initial active 8) (4 cores per cpu, 2 threads per core) family 6 model 158 stepping 9, cmov, cx8, fxsr, mmx, sse, sse2, sse3, ssse3, sse4.1, sse4.2, popcnt, avx, avx2, aes, clmul, erms, 3dnowpref, lzcnt, ht, tsc, tscinvbit, bmi1, bmi2, adx, fma

Memory: 4k page, system-wide physical 8079M (598M free)
TotalPageFile size 23176M (AvailPageFile size 11M)
current process WorkingSet (physical memory assigned to process): 156M, peak: 156M
current process commit charge ("private bytes"): 243M, peak: 297M

vm_info: OpenJDK 64-Bit Server VM (11.0.6+8-b520.43) for windows-amd64 JRE (11.0.6+8-b520.43), built on Feb  3 2020 14:18:56 by "" with MS VC++ 14.0 (VS2015)

END.
